11111111111111
11111111111111
11111111111111
mrYcrMyUYS7paeh9YgfsLSiC1NFvGq4Wyd
--------------
{mrYcrMyUYS7paeh9YgfsLSiC1NFvGq4Wyd=SseEmitter@447fd5b}
2222222222222
2222222222222
2222222222222


333333333333
333333333333
333333333333
mrYcrMyUYS7paeh9YgfsLSiC1NFvGq4Wyd
--------------
org.springframework.web.servlet.mvc.method.annotation.SseEmitter$SseEventBuilderImpl@462e5549
444444444444
444444444444
444444444444






11111111111111
11111111111111
11111111111111
muuSJxbhxMUWZxGuLM1BHeyDNBSJYffAHt
--------------
{muuSJxbhxMUWZxGuLM1BHeyDNBSJYffAHt=SseEmitter@728d3722}
2222222222222
2222222222222
2222222222222



333333333333
333333333333
333333333333
muuSJxbhxMUWZxGuLM1BHeyDNBSJYffAHt
--------------
org.springframework.web.servlet.mvc.method.annotation.SseEmitter$SseEventBuilderImpl@3511cfa0
444444444444
444444444444
444444444444


333333333333
333333333333
333333333333
muuSJxbhxMUWZxGuLM1BHeyDNBSJYffAHt
--------------
org.springframework.web.servlet.mvc.method.annotation.SseEmitter$SseEventBuilderImpl@2d766a98
444444444444
444444444444
444444444444


in order to run the droplet i have to properly attach the volume.  in order to properly attach the volume, i have to run the volume attach commands.  in order to run the commands, i have to clear up space on the server.  in order to clear up space on the server, i need to connect to DB and remove some table data, but the DB isn't starting properly and i'm trying to figure out why as we speak:
